[2025-09-13 11:27:23] local.ERROR: Failed to authenticate on SMTP server with username "grihasthsolutions@gmail.com" using the following authenticators: "LOGIN", "PLAIN", "XOAUTH2". Authenticator "LOGIN" returned "Expected response code "235" but got code "535", with message "535-5.7.8 Username and Password not accepted. For more information, go to
535 5.7.8  https://support.google.com/mail/?p=BadCredentials d2e1a72fcca58-77607b346dasm8269719b3a.68 - gsmtp".". Authenticator "PLAIN" returned "Expected response code "235" but got code "535", with message "535-5.7.8 Username and Password not accepted. For more information, go to
535 5.7.8  https://support.google.com/mail/?p=BadCredentials d2e1a72fcca58-77607b346dasm8269719b3a.68 - gsmtp".". Authenticator "XOAUTH2" returned "Expected response code "235" but got code "334", with message "334 eyJzdGF0dXMiOiI0MDAiLCJzY2hlbWVzIjoiQmVhcmVyIiwic2NvcGUiOiJodHRwczovL21haWwuZ29vZ2xlLmNvbS8ifQ==".". {"userId":1,"exception":"[object] (Symfony\\Component\\Mailer\\Exception\\TransportException(code: 334): Failed to authenticate on SMTP server with username \"grihasthsolutions@gmail.com\" using the following authenticators: \"LOGIN\", \"PLAIN\", \"XOAUTH2\". Authenticator \"LOGIN\" returned \"Expected response code \"235\" but got code \"535\", with message \"535-5.7.8 Username and Password not accepted. For more information, go to

535 5.7.8  https://support.google.com/mail/?p=BadCredentials d2e1a72fcca58-77607b346dasm8269719b3a.68 - gsmtp\".\". Authenticator \"PLAIN\" returned \"Expected response code \"235\" but got code \"535\", with message \"535-5.7.8 Username and Password not accepted. For more information, go to

535 5.7.8  https://support.google.com/mail/?p=BadCredentials d2e1a72fcca58-77607b346dasm8269719b3a.68 - gsmtp\".\". Authenticator \"XOAUTH2\" returned \"Expected response code \"235\" but got code \"334\", with message \"334 eyJzdGF0dXMiOiI0MDAiLCJzY2hlbWVzIjoiQmVhcmVyIiwic2NvcGUiOiJodHRwczovL21haWwuZ29vZ2xlLmNvbS8ifQ==\".\". at /home/u226939231/domains/grihasth.com/public_html/admin/vendor/symfony/mailer/Transport/Smtp/EsmtpTransport.php:225)
[stacktrace]
#0 /home/u226939231/domains/grihasth.com/public_html/admin/vendor/symfony/mailer/Transport/Smtp/EsmtpTransport.php(160): Symfony\\Component\\Mailer\\Transport\\Smtp\\EsmtpTransport->handleAuth()
#1 /home/u226939231/domains/grihasth.com/public_html/admin/vendor/symfony/mailer/Transport/Smtp/EsmtpTransport.php(117): Symfony\\Component\\Mailer\\Transport\\Smtp\\EsmtpTransport->doEhloCommand()
#2 /home/u226939231/domains/grihasth.com/public_html/admin/vendor/symfony/mailer/Transport/Smtp/SmtpTransport.php(254): Symfony\\Component\\Mailer\\Transport\\Smtp\\EsmtpTransport->executeCommand()
#3 /home/u226939231/domains/grihasth.com/public_html/admin/vendor/symfony/mailer/Transport/Smtp/SmtpTransport.php(277): Symfony\\Component\\Mailer\\Transport\\Smtp\\SmtpTransport->doHeloCommand()
#4 /home/u226939231/domains/grihasth.com/public_html/admin/vendor/symfony/mailer/Transport/Smtp/SmtpTransport.php(213): Symfony\\Component\\Mailer\\Transport\\Smtp\\SmtpTransport->start()
#5 /home/u226939231/domains/grihasth.com/public_html/admin/vendor/symfony/mailer/Transport/AbstractTransport.php(69): Symfony\\Component\\Mailer\\Transport\\Smtp\\SmtpTransport->doSend()
#6 /home/u226939231/domains/grihasth.com/public_html/admin/vendor/symfony/mailer/Transport/Smtp/SmtpTransport.php(137): Symfony\\Component\\Mailer\\Transport\\AbstractTransport->send()
#7 /home/u226939231/domains/grihasth.com/public_html/admin/vendor/laravel/framework/src/Illuminate/Mail/Mailer.php(573): Symfony\\Component\\Mailer\\Transport\\Smtp\\SmtpTransport->send()
#8 /home/u226939231/domains/grihasth.com/public_html/admin/vendor/laravel/framework/src/Illuminate/Mail/Mailer.php(335): Illuminate\\Mail\\Mailer->sendSymfonyMessage()
#9 /home/u226939231/domains/grihasth.com/public_html/admin/vendor/laravel/framework/src/Illuminate/Mail/Mailable.php(213): Illuminate\\Mail\\Mailer->send()
#10 /home/u226939231/domains/grihasth.com/public_html/admin/vendor/laravel/framework/src/Illuminate/Support/Traits/Localizable.php(19): Illuminate\\Mail\\Mailable->Illuminate\\Mail\\{closure}()
#11 /home/u226939231/domains/grihasth.com/public_html/admin/vendor/laravel/framework/src/Illuminate/Mail/Mailable.php(214): Illuminate\\Mail\\Mailable->withLocale()
#12 /home/u226939231/domains/grihasth.com/public_html/admin/vendor/laravel/framework/src/Illuminate/Mail/Mailer.php(357): Illuminate\\Mail\\Mailable->send()
#13 /home/u226939231/domains/grihasth.com/public_html/admin/vendor/laravel/framework/src/Illuminate/Mail/Mailer.php(301): Illuminate\\Mail\\Mailer->sendMailable()
#14 /home/u226939231/domains/grihasth.com/public_html/admin/vendor/laravel/framework/src/Illuminate/Mail/PendingMail.php(124): Illuminate\\Mail\\Mailer->send()
#15 /home/u226939231/domains/grihasth.com/public_html/admin/app/Http/Controllers/SendEmailController.php(26): Illuminate\\Mail\\PendingMail->send()
#16 /home/u226939231/domains/grihasth.com/public_html/admin/vendor/laravel/framework/src/Illuminate/Routing/Controller.php(54): App\\Http\\Controllers\\SendEmailController->sendMail()
#17 /home/u226939231/domains/grihasth.com/public_html/admin/vendor/laravel/framework/src/Illuminate/Routing/ControllerDispatcher.php(43): Illuminate\\Routing\\Controller->callAction()
#18 /home/u226939231/domains/grihasth.com/public_html/admin/vendor/laravel/framework/src/Illuminate/Routing/Route.php(260): Illuminate\\Routing\\ControllerDispatcher->dispatch()
#19 /home/u226939231/domains/grihasth.com/public_html/admin/vendor/laravel/framework/src/Illuminate/Routing/Route.php(205): Illuminate\\Routing\\Route->runController()
#20 /home/u226939231/domains/grihasth.com/public_html/admin/vendor/laravel/framework/src/Illuminate/Routing/Router.php(806): Illuminate\\Routing\\Route->run()
#21 /home/u226939231/domains/grihasth.com/public_html/admin/vendor/laravel/framework/src/Illuminate/Pipeline/Pipeline.php(141): Illuminate\\Routing\\Router->Illuminate\\Routing\\{closure}()
#22 /home/u226939231/domains/grihasth.com/public_html/admin/app/Http/Middleware/CheckUserRoleMiddleware.php(34): Illuminate\\Pipeline\\Pipeline->Illuminate\\Pipeline\\{closure}()
#23 /home/u226939231/domains/grihasth.com/public_html/admin/vendor/laravel/framework/src/Illuminate/Pipeline/Pipeline.php(180): App\\Http\\Middleware\\CheckUserRoleMiddleware->handle()
#24 /home/u226939231/domains/grihasth.com/public_html/admin/app/Http/Middleware/LanguageManager.php(23): Illuminate\\Pipeline\\Pipeline->Illuminate\\Pipeline\\{closure}()
#25 /home/u226939231/domains/grihasth.com/public_html/admin/vendor/laravel/framework/src/Illuminate/Pipeline/Pipeline.php(180): App\\Http\\Middleware\\LanguageManager->handle()
#26 /home/u226939231/domains/grihasth.com/public_html/admin/vendor/laravel/framework/src/Illuminate/Routing/Middleware/SubstituteBindings.php(50): Illuminate\\Pipeline\\Pipeline->Illuminate\\Pipeline\\{closure}()
#27 /home/u226939231/domains/grihasth.com/public_html/admin/vendor/laravel/framework/src/Illuminate/Pipeline/Pipeline.php(180): Illuminate\\Routing\\Middleware\\SubstituteBindings->handle()
#28 /home/u226939231/domains/grihasth.com/public_html/admin/vendor/laravel/framework/src/Illuminate/Foundation/Http/Middleware/VerifyCsrfToken.php(78): Illuminate\\Pipeline\\Pipeline->Illuminate\\Pipeline\\{closure}()
#29 /home/u226939231/domains/grihasth.com/public_html/admin/vendor/laravel/framework/src/Illuminate/Pipeline/Pipeline.php(180): Illuminate\\Foundation\\Http\\Middleware\\VerifyCsrfToken->handle()
#30 /home/u226939231/domains/grihasth.com/public_html/admin/vendor/laravel/framework/src/Illuminate/View/Middleware/ShareErrorsFromSession.php(49): Illuminate\\Pipeline\\Pipeline->Illuminate\\Pipeline\\{closure}()
#31 /home/u226939231/domains/grihasth.com/public_html/admin/vendor/laravel/framework/src/Illuminate/Pipeline/Pipeline.php(180): Illuminate\\View\\Middleware\\ShareErrorsFromSession->handle()
#32 /home/u226939231/domains/grihasth.com/public_html/admin/vendor/laravel/framework/src/Illuminate/Session/Middleware/StartSession.php(121): Illuminate\\Pipeline\\Pipeline->Illuminate\\Pipeline\\{closure}()
#33 /home/u226939231/domains/grihasth.com/public_html/admin/vendor/laravel/framework/src/Illuminate/Session/Middleware/StartSession.php(64): Illuminate\\Session\\Middleware\\StartSession->handleStatefulRequest()
#34 /home/u226939231/domains/grihasth.com/public_html/admin/vendor/laravel/framework/src/Illuminate/Pipeline/Pipeline.php(180): Illuminate\\Session\\Middleware\\StartSession->handle()
#35 /home/u226939231/domains/grihasth.com/public_html/admin/vendor/laravel/framework/src/Illuminate/Cookie/Middleware/AddQueuedCookiesToResponse.php(37): Illuminate\\Pipeline\\Pipeline->Illuminate\\Pipeline\\{closure}()
#36 /home/u226939231/domains/grihasth.com/public_html/admin/vendor/laravel/framework/src/Illuminate/Pipeline/Pipeline.php(180): Illuminate\\Cookie\\Middleware\\AddQueuedCookiesToResponse->handle()
#37 /home/u226939231/domains/grihasth.com/public_html/admin/vendor/laravel/framework/src/Illuminate/Cookie/Middleware/EncryptCookies.php(67): Illuminate\\Pipeline\\Pipeline->Illuminate\\Pipeline\\{closure}()
#38 /home/u226939231/domains/grihasth.com/public_html/admin/vendor/laravel/framework/src/Illuminate/Pipeline/Pipeline.php(180): Illuminate\\Cookie\\Middleware\\EncryptCookies->handle()
#39 /home/u226939231/domains/grihasth.com/public_html/admin/vendor/laravel/framework/src/Illuminate/Pipeline/Pipeline.php(116): Illuminate\\Pipeline\\Pipeline->Illuminate\\Pipeline\\{closure}()
#40 /home/u226939231/domains/grihasth.com/public_html/admin/vendor/laravel/framework/src/Illuminate/Routing/Router.php(807): Illuminate\\Pipeline\\Pipeline->then()
#41 /home/u226939231/domains/grihasth.com/public_html/admin/vendor/laravel/framework/src/Illuminate/Routing/Router.php(784): Illuminate\\Routing\\Router->runRouteWithinStack()
#42 /home/u226939231/domains/grihasth.com/public_html/admin/vendor/laravel/framework/src/Illuminate/Routing/Router.php(748): Illuminate\\Routing\\Router->runRoute()
#43 /home/u226939231/domains/grihasth.com/public_html/admin/vendor/laravel/framework/src/Illuminate/Routing/Router.php(737): Illuminate\\Routing\\Router->dispatchToRoute()
#44 /home/u226939231/domains/grihasth.com/public_html/admin/vendor/laravel/framework/src/Illuminate/Foundation/Http/Kernel.php(200): Illuminate\\Routing\\Router->dispatch()
#45 /home/u226939231/domains/grihasth.com/public_html/admin/vendor/laravel/framework/src/Illuminate/Pipeline/Pipeline.php(141): Illuminate\\Foundation\\Http\\Kernel->Illuminate\\Foundation\\Http\\{closure}()
#46 /home/u226939231/domains/grihasth.com/public_html/admin/vendor/laravel/framework/src/Illuminate/Foundation/Http/Middleware/TransformsRequest.php(21): Illuminate\\Pipeline\\Pipeline->Illuminate\\Pipeline\\{closure}()
#47 /home/u226939231/domains/grihasth.com/public_html/admin/vendor/laravel/framework/src/Illuminate/Foundation/Http/Middleware/ConvertEmptyStringsToNull.php(31): Illuminate\\Foundation\\Http\\Middleware\\TransformsRequest->handle()
#48 /home/u226939231/domains/grihasth.com/public_html/admin/vendor/laravel/framework/src/Illuminate/Pipeline/Pipeline.php(180): Illuminate\\Foundation\\Http\\Middleware\\ConvertEmptyStringsToNull->handle()
#49 /home/u226939231/domains/grihasth.com/public_html/admin/vendor/laravel/framework/src/Illuminate/Foundation/Http/Middleware/TransformsRequest.php(21): Illuminate\\Pipeline\\Pipeline->Illuminate\\Pipeline\\{closure}()
#50 /home/u226939231/domains/grihasth.com/public_html/admin/vendor/laravel/framework/src/Illuminate/Foundation/Http/Middleware/TrimStrings.php(40): Illuminate\\Foundation\\Http\\Middleware\\TransformsRequest->handle()
#51 /home/u226939231/domains/grihasth.com/public_html/admin/vendor/laravel/framework/src/Illuminate/Pipeline/Pipeline.php(180): Illuminate\\Foundation\\Http\\Middleware\\TrimStrings->handle()
#52 /home/u226939231/domains/grihasth.com/public_html/admin/vendor/laravel/framework/src/Illuminate/Foundation/Http/Middleware/ValidatePostSize.php(27): Illuminate\\Pipeline\\Pipeline->Illuminate\\Pipeline\\{closure}()
#53 /home/u226939231/domains/grihasth.com/public_html/admin/vendor/laravel/framework/src/Illuminate/Pipeline/Pipeline.php(180): Illuminate\\Foundation\\Http\\Middleware\\ValidatePostSize->handle()
#54 /home/u226939231/domains/grihasth.com/public_html/admin/vendor/laravel/framework/src/Illuminate/Foundation/Http/Middleware/PreventRequestsDuringMaintenance.php(99): Illuminate\\Pipeline\\Pipeline->Illuminate\\Pipeline\\{closure}()
#55 /home/u226939231/domains/grihasth.com/public_html/admin/vendor/laravel/framework/src/Illuminate/Pipeline/Pipeline.php(180): Illuminate\\Foundation\\Http\\Middleware\\PreventRequestsDuringMaintenance->handle()
#56 /home/u226939231/domains/grihasth.com/public_html/admin/vendor/laravel/framework/src/Illuminate/Http/Middleware/HandleCors.php(49): Illuminate\\Pipeline\\Pipeline->Illuminate\\Pipeline\\{closure}()
#57 /home/u226939231/domains/grihasth.com/public_html/admin/vendor/laravel/framework/src/Illuminate/Pipeline/Pipeline.php(180): Illuminate\\Http\\Middleware\\HandleCors->handle()
#58 /home/u226939231/domains/grihasth.com/public_html/admin/vendor/laravel/framework/src/Illuminate/Http/Middleware/TrustProxies.php(39): Illuminate\\Pipeline\\Pipeline->Illuminate\\Pipeline\\{closure}()
#59 /home/u226939231/domains/grihasth.com/public_html/admin/vendor/laravel/framework/src/Illuminate/Pipeline/Pipeline.php(180): Illuminate\\Http\\Middleware\\TrustProxies->handle()
#60 /home/u226939231/domains/grihasth.com/public_html/admin/vendor/laravel/framework/src/Illuminate/Pipeline/Pipeline.php(116): Illuminate\\Pipeline\\Pipeline->Illuminate\\Pipeline\\{closure}()
#61 /home/u226939231/domains/grihasth.com/public_html/admin/vendor/laravel/framework/src/Illuminate/Foundation/Http/Kernel.php(175): Illuminate\\Pipeline\\Pipeline->then()
#62 /home/u226939231/domains/grihasth.com/public_html/admin/vendor/laravel/framework/src/Illuminate/Foundation/Http/Kernel.php(144): Illuminate\\Foundation\\Http\\Kernel->sendRequestThroughRouter()
#63 /home/u226939231/domains/grihasth.com/public_html/admin/public/index.php(52): Illuminate\\Foundation\\Http\\Kernel->handle()
#64 /home/u226939231/domains/grihasth.com/public_html/admin/server.php(21): require_once('/home/u22693923...')
#65 {main}
"} 
